<?xml version="1.0" encoding="UTF-8"?>
<testng-results skipped="0" failed="0" ignored="0" total="1" passed="1">
  <reporter-output>
  </reporter-output>
  <suite name="Suite" duration-ms="26116" started-at="2018-12-30T16:16:53Z" finished-at="2018-12-30T16:17:19Z">
    <groups>
    </groups>
    <test name="Test" duration-ms="26116" started-at="2018-12-30T16:16:53Z" finished-at="2018-12-30T16:17:19Z">
      <class name="testcases.ExcuteTest">
        <test-method status="PASS" signature="setUp(java.lang.String)[pri:0, instance:testcases.ExcuteTest@3c5a99da]" name="setUp" is-config="true" duration-ms="3385" started-at="2018-12-30T16:16:53Z" finished-at="2018-12-30T16:16:56Z">
          <params>
            <param index="0">
              <value>
                <![CDATA[chrome]]>
              </value>
            </param>
          </params>
          <reporter-output>
          </reporter-output>
        </test-method> <!-- setUp -->
        <test-method status="PASS" signature="executeTest()[pri:0, instance:testcases.ExcuteTest@3c5a99da]" name="executeTest" duration-ms="22022" started-at="2018-12-30T16:16:56Z" finished-at="2018-12-30T16:17:18Z">
          <reporter-output>
          </reporter-output>
        </test-method> <!-- executeTest -->
        <test-method status="PASS" signature="closeDriver()[pri:0, instance:testcases.ExcuteTest@3c5a99da]" name="closeDriver" is-config="true" duration-ms="693" started-at="2018-12-30T16:17:18Z" finished-at="2018-12-30T16:17:19Z">
          <reporter-output>
          </reporter-output>
        </test-method> <!-- closeDriver -->
      </class> <!-- testcases.ExcuteTest -->
    </test> <!-- Test -->
  </suite> <!-- Suite -->
</testng-results>
